<?xml version="1.0" encoding="UTF-8"?>
<!-- Generated by org.testng.reporters.JUnitReportReporter -->
<testsuite hostname="DESKTOP-H59M9BP" failures="0" tests="1" name="runner.runner" time="7.294" errors="0" timestamp="2022-09-30T10:56:57 IST" skipped="0">
  <testcase classname="runner.runner" name="runScenario" time="7.294"/>
  <system-out/>
</testsuite> <!-- runner.runner -->
